0 info it worked if it ends with ok
1 verbose cli [ '/usr/local/bin/node',
1 verbose cli   '/usr/local/bin/npm',
1 verbose cli   'install',
1 verbose cli   'node-pushserver',
1 verbose cli   '-g' ]
2 info using npm@2.11.3
3 info using node@v0.12.7
4 verbose install initial load of /usr/local/lib/package.json
5 verbose readDependencies loading dependencies from /usr/local/lib/package.json
6 silly cache add args [ 'node-pushserver', null ]
7 verbose cache add spec node-pushserver
8 silly cache add parsed spec { raw: 'node-pushserver',
8 silly cache add   scope: null,
8 silly cache add   name: 'node-pushserver',
8 silly cache add   rawSpec: '',
8 silly cache add   spec: '*',
8 silly cache add   type: 'range' }
9 silly addNamed node-pushserver@*
10 verbose addNamed "*" is a valid semver range for node-pushserver
11 silly addNameRange { name: 'node-pushserver', range: '*', hasData: false }
12 silly mapToRegistry name node-pushserver
13 silly mapToRegistry using default registry
14 silly mapToRegistry registry https://registry.npmjs.org/
15 silly mapToRegistry uri https://registry.npmjs.org/node-pushserver
16 verbose addNameRange registry:https://registry.npmjs.org/node-pushserver not in flight; fetching
17 verbose request uri https://registry.npmjs.org/node-pushserver
18 verbose request no auth needed
19 info attempt registry request try #1 at 8:39:00 PM
20 verbose request id 6acd36d7fd9329b4
21 http request GET https://registry.npmjs.org/node-pushserver
22 http 200 https://registry.npmjs.org/node-pushserver
23 silly get cb [ 200,
23 silly get   { server: 'CouchDB/1.5.0 (Erlang OTP/R16B03)',
23 silly get     etag: '"6J92O9XL69EARR575QQ3F4Q3D"',
23 silly get     'content-type': 'application/json',
23 silly get     'cache-control': 'max-age=60',
23 silly get     'content-length': '14347',
23 silly get     'accept-ranges': 'bytes',
23 silly get     date: 'Tue, 27 Oct 2015 23:39:00 GMT',
23 silly get     via: '1.1 varnish',
23 silly get     age: '0',
23 silly get     connection: 'keep-alive',
23 silly get     'x-served-by': 'cache-atl6227-ATL',
23 silly get     'x-cache': 'MISS',
23 silly get     'x-cache-hits': '0',
23 silly get     'x-timer': 'S1445989140.012422,VS0,VE44',
23 silly get     vary: 'Accept' } ]
24 verbose get saving node-pushserver to /Users/macherlan/.npm/registry.npmjs.org/node-pushserver/.cache.json
25 silly addNameRange number 2 { name: 'node-pushserver', range: '*', hasData: true }
26 silly addNameRange versions [ 'node-pushserver',
26 silly addNameRange   [ '0.5.0', '0.5.1', '0.5.2', '0.5.3', '0.5.4' ] ]
27 silly addNamed node-pushserver@0.5.4
28 verbose addNamed "0.5.4" is a plain semver version for node-pushserver
29 silly mapToRegistry name node-pushserver
30 silly mapToRegistry using default registry
31 silly mapToRegistry registry https://registry.npmjs.org/
32 silly mapToRegistry uri https://registry.npmjs.org/node-pushserver
33 verbose addRemoteTarball https://registry.npmjs.org/node-pushserver/-/node-pushserver-0.5.4.tgz not in flight; adding
34 verbose addRemoteTarball [ 'https://registry.npmjs.org/node-pushserver/-/node-pushserver-0.5.4.tgz',
34 verbose addRemoteTarball   '5a1de6131c55f5e3e897c1c130e58e1fbf99e603' ]
35 info retry fetch attempt 1 at 8:39:01 PM
36 info attempt registry request try #1 at 8:39:01 PM
37 http fetch GET https://registry.npmjs.org/node-pushserver/-/node-pushserver-0.5.4.tgz
38 http fetch 200 https://registry.npmjs.org/node-pushserver/-/node-pushserver-0.5.4.tgz
39 silly fetchAndShaCheck shasum 5a1de6131c55f5e3e897c1c130e58e1fbf99e603
40 verbose addTmpTarball /var/folders/4k/vrsvk7md3l36lx7ljz2kby7w0000gn/T/npm-10177-0e130171/registry.npmjs.org/node-pushserver/-/node-pushserver-0.5.4.tgz not in flight; adding
41 verbose addTmpTarball already have metadata; skipping unpack for node-pushserver@0.5.4
42 silly cache afterAdd node-pushserver@0.5.4
43 verbose afterAdd /Users/macherlan/.npm/node-pushserver/0.5.4/package/package.json not in flight; writing
44 verbose afterAdd /Users/macherlan/.npm/node-pushserver/0.5.4/package/package.json written
45 silly install resolved [ { name: 'node-pushserver',
45 silly install resolved     version: '0.5.4',
45 silly install resolved     description: 'Cross-platform Push Notifications. A project providing a generic API to push messages using Apple\'s APN and Google\'s GCM services.',
45 silly install resolved     keywords: [ 'push', 'gcm', 'apn', 'mongodb' ],
45 silly install resolved     dependencies:
45 silly install resolved      { mongoose: '~3.6.11',
45 silly install resolved        'node-gcm': '~0.9.6',
45 silly install resolved        lodash: '~1.3.1',
45 silly install resolved        apn: '~1.3.4',
45 silly install resolved        express: '~3.2.6',
45 silly install resolved        commander: '2.7.1' },
45 silly install resolved     bin: { pushserver: './bin/pushserver.js' },
45 silly install resolved     main: './lib/PushController.js',
45 silly install resolved     scripts:
45 silly install resolved      { start: 'node ./bin/pushserver.js',
45 silly install resolved        test: 'echo "Error: no test specified" && exit 1' },
45 silly install resolved     repository:
45 silly install resolved      { type: 'git',
45 silly install resolved        url: 'git://github.com/Smile-SA/node-pushserver.git' },
45 silly install resolved     bugs: { url: 'https://github.com/Smile-SA/node-pushserver/issues' },
45 silly install resolved     gitHead: '19b7c37d4ca23a1d2782faa5bc0ed4b6c80051c9',
45 silly install resolved     homepage: 'https://github.com/Smile-SA/node-pushserver',
45 silly install resolved     _id: 'node-pushserver@0.5.4',
45 silly install resolved     _shasum: '5a1de6131c55f5e3e897c1c130e58e1fbf99e603',
45 silly install resolved     _from: 'node-pushserver@*',
45 silly install resolved     _npmVersion: '2.7.4',
45 silly install resolved     _nodeVersion: '0.12.2',
45 silly install resolved     _npmUser: { name: 'smile', email: 'pole.mobile@smile.fr' },
45 silly install resolved     maintainers: [ [Object] ],
45 silly install resolved     dist:
45 silly install resolved      { shasum: '5a1de6131c55f5e3e897c1c130e58e1fbf99e603',
45 silly install resolved        tarball: 'http://registry.npmjs.org/node-pushserver/-/node-pushserver-0.5.4.tgz' },
45 silly install resolved     directories: {},
45 silly install resolved     _resolved: 'https://registry.npmjs.org/node-pushserver/-/node-pushserver-0.5.4.tgz' } ]
46 info install node-pushserver@0.5.4 into /usr/local/lib
47 info installOne node-pushserver@0.5.4
48 verbose installOne of node-pushserver to /usr/local/lib not in flight; installing
49 warn locking Error: EACCES, open '/Users/macherlan/.npm/_locks/node-pushserver-34f4d3767cb6a32b.lock'
49 warn locking     at Error (native)
49 warn locking  /Users/macherlan/.npm/_locks/node-pushserver-34f4d3767cb6a32b.lock failed { [Error: EACCES, open '/Users/macherlan/.npm/_locks/node-pushserver-34f4d3767cb6a32b.lock']
49 warn locking   errno: -13,
49 warn locking   code: 'EACCES',
49 warn locking   path: '/Users/macherlan/.npm/_locks/node-pushserver-34f4d3767cb6a32b.lock' }
50 verbose stack Error: Attempt to unlock /usr/local/lib/node_modules/node-pushserver, which hasn't been locked
50 verbose stack     at unlock (/usr/local/lib/node_modules/npm/lib/utils/locker.js:66:11)
50 verbose stack     at cb (/usr/local/lib/node_modules/npm/lib/install.js:1017:5)
50 verbose stack     at /usr/local/lib/node_modules/npm/lib/install.js:1021:20
50 verbose stack     at /usr/local/lib/node_modules/npm/lib/utils/locker.js:40:9
50 verbose stack     at cb (/usr/local/lib/node_modules/npm/node_modules/lockfile/lockfile.js:149:38)
50 verbose stack     at /usr/local/lib/node_modules/npm/node_modules/lockfile/lockfile.js:177:38
50 verbose stack     at FSReqWrap.oncomplete (fs.js:95:15)
51 verbose cwd /Users/macherlan/Downloads/FoodPolice
52 error Darwin 15.0.0
53 error argv "/usr/local/bin/node" "/usr/local/bin/npm" "install" "node-pushserver" "-g"
54 error node v0.12.7
55 error npm  v2.11.3
56 error Attempt to unlock /usr/local/lib/node_modules/node-pushserver, which hasn't been locked
57 error If you need help, you may report this error at:
57 error     <https://github.com/npm/npm/issues>
58 verbose exit [ 1, true ]
